[11/29/2014 4:31 PM] - SUCCESS:IPN VERIFIED!
[From:ipn.sandbox.paypal.com|173.0.82.126]IPN POST Vars Received By Paypal_IPN Response API:
mc_gross=4500.00 
invoice=1629337995 
protection_eligibility=Eligible 
address_status=confirmed 
item_number1=1 
payer_id=B2FFGA52RFURU 
tax=0.00 
address_street=1 Main Terrace 
payment_date=08:31:11 Nov 29, 2014 PST 
payment_status=Completed 
charset=windows-1252 
address_zip=W12 4LQ 
mc_shipping=0.00 
mc_handling=0.00 
first_name=Test 
mc_fee=153.20 
address_country_code=GB 
address_name=Test Buyer 
notify_version=3.8 
custom= 
payer_status=verified 
business=triponsergiu-facilitator@hotmail.co.uk 
address_country=United Kingdom 
num_cart_items=1 
mc_handling1=0.00 
address_city=Wolverhampton 
verify_sign=ApBHX6qbpxJW-Ll3oP22LSbo0WeuAeOdJTpKZIAuKoTsd.QysX40y-qN 
payer_email=triponsergiu-buyer@hotmail.co.uk 
mc_shipping1=0.00 
tax1=0.00 
txn_id=08K20468G08768114 
payment_type=instant 
last_name=Buyer 
address_state=West Midlands 
item_name1=Half Fees 
receiver_email=triponsergiu-facilitator@hotmail.co.uk 
payment_fee= 
quantity1=1 
receiver_id=CXLWWC2ZKSE64 
txn_type=cart 
mc_gross_1=4500.00 
mc_currency=GBP 
residence_country=GB 
test_ipn=1 
transaction_subject= 
payment_gross= 
ipn_track_id=6aca1a72eb24a 
IPN Response from Paypal Server:
HTTP/1.1 200 OK
Date: Sat, 29 Nov 2014 16:31:21 GMT
Server: Apache
X-Frame-Options: SAMEORIGIN
Set-Cookie: c9MWDuvPtT9GIMyPc3jwol1VSlO=dHrkGqNhJu5BvAPW-BVhmFiRY0v6A7sqES0qUXzJfv_9zQ-LDD4GZrFvijlPsEev2FJdfk85UEbBJslPI-e2-HzIAuMPvr4QAmmxZCSOMkPfG01nQk1M3TE-5N5RG8m1WrAtfIrjg59NSgqmUeH_t20DgilgSYmgjTxQnJAn1PmR97t20pjTgiWt6JzwEAIhmx3qRzSVqJDDNR-eVQaUQv2xWMppoFIqsOkQsDWVYEoRJQ3S3VeIH6BcYFnQpZqKXlAVzT9XoNtP1PhkPTP7YN4BrHtrqud7jwGFNo6b5t5UyvWVmTpDv0DzkrDCeeBdbjdSt6iG4KQRHQUZ0A9tgniFlQoU1-86p4fPkGLYSYCqZKQVXW9duakZBz5Ql_ejI8ZHZOYvY0kq4LsJ3yjIf1eLf2MmNYApJb9-boRUTFaNlNohFCxJGE-q-rC; domain=.paypal.com; path=/; Secure; HttpOnly
Set-Cookie: cookie_check=yes; expires=Tue, 26-Nov-2024 16:31:21 GMT; domain=.paypal.com; path=/; Secure; HttpOnly
Set-Cookie: navcmd=_notify-validate; domain=.paypal.com; path=/; Secure; HttpOnly
Set-Cookie: navlns=0.0; expires=Mon, 28-Nov-2016 16:31:21 GMT; domain=.paypal.com; path=/; Secure; HttpOnly
Set-Cookie: Apache=10.72.108.11.1417278681311809; path=/; expires=Mon, 21-Nov-44 16:31:21 GMT
Connection: close
Set-Cookie: X-PP-SILOVER=name%3DSANDBOX3.WEB.1%26silo_version%3D880%26app%3Dslingshot%26TIME%3D3656677716; domain=.paypal.com; path=/; Secure; HttpOnly
Set-Cookie: X-PP-SILOVER=; Expires=Thu, 01 Jan 1970 00:00:01 GMT
Set-Cookie: Apache=10.72.128.11.1417278681297500; path=/; expires=Mon, 21-Nov-44 16:31:21 GMT
Vary: Accept-Encoding
Strict-Transport-Security: max-age=14400
Transfer-Encoding: chunked
Content-Type: text/html; charset=UTF-8

8
VERIFIED
0



[11/29/2014 4:39 PM] - SUCCESS:IPN VERIFIED!
[From:ipn.sandbox.paypal.com|173.0.82.126]IPN POST Vars Received By Paypal_IPN Response API:
mc_gross=4500.00 
invoice=1637243669 
protection_eligibility=Eligible 
address_status=confirmed 
item_number1=1 
payer_id=B2FFGA52RFURU 
tax=0.00 
address_street=1 Main Terrace 
payment_date=08:39:17 Nov 29, 2014 PST 
payment_status=Completed 
charset=windows-1252 
address_zip=W12 4LQ 
mc_shipping=0.00 
mc_handling=0.00 
first_name=Test 
mc_fee=153.20 
address_country_code=GB 
address_name=Test Buyer 
notify_version=3.8 
custom= 
payer_status=verified 
business=triponsergiu-facilitator@hotmail.co.uk 
address_country=United Kingdom 
num_cart_items=1 
mc_handling1=0.00 
address_city=Wolverhampton 
verify_sign=A21kmBLyRcQpDSjYvmswlm3ckjahAXMIbKr-ZWGITW29J5ubaDH981ae 
payer_email=triponsergiu-buyer@hotmail.co.uk 
mc_shipping1=0.00 
tax1=0.00 
txn_id=6AM933793L204494E 
payment_type=instant 
last_name=Buyer 
address_state=West Midlands 
item_name1=Half Fees 
receiver_email=triponsergiu-facilitator@hotmail.co.uk 
payment_fee= 
quantity1=1 
receiver_id=CXLWWC2ZKSE64 
txn_type=cart 
mc_gross_1=4500.00 
mc_currency=GBP 
residence_country=GB 
test_ipn=1 
transaction_subject= 
payment_gross= 
ipn_track_id=59c1cc054513 
IPN Response from Paypal Server:
HTTP/1.1 200 OK
Date: Sat, 29 Nov 2014 16:39:24 GMT
Server: Apache
X-Frame-Options: SAMEORIGIN
Set-Cookie: c9MWDuvPtT9GIMyPc3jwol1VSlO=v3cESj5K3Z6OOwjlMuL_IsEmqMh2xLfTwNR-EY_pih6MaFsBD5CC-_U1_dcOAyG0WChs5PlLM9PbqAsEJtDt-PMPJr9RqlHAeX1AfWbEUKI_TFgidvOY3aFYS7t1ootcEfKNLWuybcp9Qn3s7AiVJkuG4FjrtF-B8rw0vpooolCn08LoYFnD7cwuFhRzGCU-XXjkAqNJMsC5Q6dyucnpgKb0cZvuSUW4vxUpPoAU_BGjj28RePmolRyD5IlYaUSDXKw0QM_JIqkfr2ppZqZEewpzpN6uVwmJIRaqnRhkOlbDmMcc9TW63b-U8E9NeZOjY8gmYLrvRMr610yPZvNkoKLtf7ORYBzfM84C80EC1WEjjLBl9zEVAjw_43xOeQk2ZfQqKizLClNPOQ2YCmbusbJ51sWI_x5dEXf-NDIVNXTsjdx0hf2G1rb8i24; domain=.paypal.com; path=/; Secure; HttpOnly
Set-Cookie: cookie_check=yes; expires=Tue, 26-Nov-2024 16:39:24 GMT; domain=.paypal.com; path=/; Secure; HttpOnly
Set-Cookie: navcmd=_notify-validate; domain=.paypal.com; path=/; Secure; HttpOnly
Set-Cookie: navlns=0.0; expires=Mon, 28-Nov-2016 16:39:24 GMT; domain=.paypal.com; path=/; Secure; HttpOnly
Set-Cookie: Apache=10.72.108.11.1417279164564229; path=/; expires=Mon, 21-Nov-44 16:39:24 GMT
Connection: close
Set-Cookie: X-PP-SILOVER=name%3DSANDBOX3.WEB.1%26silo_version%3D880%26app%3Dslingshot%26TIME%3D3170269524; domain=.paypal.com; path=/; Secure; HttpOnly
Set-Cookie: X-PP-SILOVER=; Expires=Thu, 01 Jan 1970 00:00:01 GMT
Set-Cookie: Apache=10.72.128.11.1417279164550016; path=/; expires=Mon, 21-Nov-44 16:39:24 GMT
Vary: Accept-Encoding
Strict-Transport-Security: max-age=14400
Transfer-Encoding: chunked
Content-Type: text/html; charset=UTF-8

8
VERIFIED
0



[11/29/2014 8:01 PM] - SUCCESS:IPN VERIFIED!
[From:ipn.sandbox.paypal.com|173.0.82.126]IPN POST Vars Received By Paypal_IPN Response API:
mc_gross=4500.00 
invoice=1959307586 
protection_eligibility=Eligible 
address_status=confirmed 
item_number1=1 
payer_id=B2FFGA52RFURU 
tax=0.00 
address_street=38 Clarence Road, Flat 2 
payment_date=12:00:58 Nov 29, 2014 PST 
payment_status=Completed 
charset=windows-1252 
address_zip=N22 8PL 
mc_shipping=0.00 
mc_handling=0.00 
first_name=Test 
mc_fee=153.20 
address_country_code=GB 
address_name=Sergiu Tripon 
notify_version=3.8 
custom= 
payer_status=verified 
business=triponsergiu-facilitator@hotmail.co.uk 
address_country=United Kingdom 
num_cart_items=1 
mc_handling1=0.00 
address_city=Bounds Green 
verify_sign=AGu.hbwMxRXoqDiyy-IJNOnULnvNAKu-fttWn.6Ger.il0eNWYxb0QSw 
payer_email=triponsergiu-buyer@hotmail.co.uk 
mc_shipping1=0.00 
tax1=0.00 
txn_id=8MN238631C959214P 
payment_type=instant 
last_name=Buyer 
address_state=Haringey 
item_name1=Half Fees 
receiver_email=triponsergiu-facilitator@hotmail.co.uk 
payment_fee= 
quantity1=1 
receiver_id=CXLWWC2ZKSE64 
txn_type=cart 
mc_gross_1=4500.00 
mc_currency=GBP 
residence_country=GB 
test_ipn=1 
transaction_subject= 
payment_gross= 
ipn_track_id=1b3ded1f2e233 
IPN Response from Paypal Server:
HTTP/1.1 200 OK
Date: Sat, 29 Nov 2014 20:01:08 GMT
Server: Apache
X-Frame-Options: SAMEORIGIN
Set-Cookie: c9MWDuvPtT9GIMyPc3jwol1VSlO=oUyz3Lo4mAzUqQ2Wy7IiOSaSVjUj59A_cIejOeDwY2DHXCKRgYWa6T-0cDxGc9ZEGg1gVzza-KJUhspBCVB7jUb4AxEojF8YXcSfI-3e4fJTFSYXaHXarRZqtDBnVIYd0ZQHM2eBEjtSdYTQgUVLdOkQzTgMx-VKd5Bgb601upcbBfZ91KOzh8wSD9TyHyj6Qx_dp28ZsVqfXgxe5zjlTKBqGlYO9aQWbM9hZNlYKBwrk1j_1P1LV6FkpFmEIvJZehSSnbzOVs--MXdu-5uDwBB5ifVG12Ptp8RnSmC53Np4MYoRqCvT96stnqSpbJZ3gJsOUX5SRY77Gj0brMB-SpmS--oVgYVommp-yR7QTJOJBwNG917UcFH78SBJnWc5w5ihaln1pm5nSC1xUMVg7IRbHsaVb9GhQIoRu32TLB7chBYy_Rg8t3DFSaa; domain=.paypal.com; path=/; Secure; HttpOnly
Set-Cookie: cookie_check=yes; expires=Tue, 26-Nov-2024 20:01:09 GMT; domain=.paypal.com; path=/; Secure; HttpOnly
Set-Cookie: navcmd=_notify-validate; domain=.paypal.com; path=/; Secure; HttpOnly
Set-Cookie: navlns=0.0; expires=Mon, 28-Nov-2016 20:01:09 GMT; domain=.paypal.com; path=/; Secure; HttpOnly
Set-Cookie: Apache=10.72.108.11.1417291268880777; path=/; expires=Mon, 21-Nov-44 20:01:08 GMT
Connection: close
Set-Cookie: X-PP-SILOVER=name%3DSANDBOX3.WEB.1%26silo_version%3D880%26app%3Dslingshot%26TIME%3D69630548; domain=.paypal.com; path=/; Secure; HttpOnly
Set-Cookie: X-PP-SILOVER=; Expires=Thu, 01 Jan 1970 00:00:01 GMT
Set-Cookie: Apache=10.72.128.11.1417291268865225; path=/; expires=Mon, 21-Nov-44 20:01:08 GMT
Vary: Accept-Encoding
Strict-Transport-Security: max-age=14400
Transfer-Encoding: chunked
Content-Type: text/html; charset=UTF-8

8
VERIFIED
0



[11/29/2014 8:06 PM] - SUCCESS:IPN VERIFIED!
[From:ipn.sandbox.paypal.com|173.0.82.126]IPN POST Vars Received By Paypal_IPN Response API:
mc_gross=4500.00 
invoice=2001536685 
protection_eligibility=Eligible 
address_status=confirmed 
item_number1=1 
payer_id=B2FFGA52RFURU 
tax=0.00 
address_street=38 Clarence Road, Flat 2 
payment_date=12:06:36 Nov 29, 2014 PST 
payment_status=Completed 
charset=windows-1252 
address_zip=N22 8PL 
mc_shipping=0.00 
mc_handling=0.00 
first_name=Test 
mc_fee=153.20 
address_country_code=GB 
address_name=Sergiu Tripon 
notify_version=3.8 
custom= 
payer_status=verified 
business=triponsergiu-facilitator@hotmail.co.uk 
address_country=United Kingdom 
num_cart_items=1 
mc_handling1=0.00 
address_city=Bounds Green 
verify_sign=AUaxvSojqajxsiGA9qXfGuCulUctAJOBbwpGi5NoowrArFZNHlznI348 
payer_email=triponsergiu-buyer@hotmail.co.uk 
mc_shipping1=0.00 
tax1=0.00 
txn_id=19E45852BR410170F 
payment_type=instant 
last_name=Buyer 
address_state=Haringey 
item_name1=Half Fees 
receiver_email=triponsergiu-facilitator@hotmail.co.uk 
payment_fee= 
quantity1=1 
receiver_id=CXLWWC2ZKSE64 
txn_type=cart 
mc_gross_1=4500.00 
mc_currency=GBP 
residence_country=GB 
test_ipn=1 
transaction_subject= 
payment_gross= 
ipn_track_id=5f20d630b8302 
IPN Response from Paypal Server:
HTTP/1.1 200 OK
Date: Sat, 29 Nov 2014 20:06:44 GMT
Server: Apache
X-Frame-Options: SAMEORIGIN
Set-Cookie: c9MWDuvPtT9GIMyPc3jwol1VSlO=foX39JTtKWxMPnsMSudZBl-7TirJA8UJZWdpEPVbHYj0lxo-Bh5wtmr92MArZYHr1Z7LdTgO8ZNiZr6qc3jrqgvFBxSsyY1anr8XrokTp6YjSnJGaDUZU2TaZHW766PGFdMoXpC16AJbls_wmxG13ns6AMvFqPtokzYM53T5yccec3POnkfZX89A1xjM98-xWgCpLqBbAOD68dh5gJd4ro4jRlkL48HJ5kzDhrb6E5KpiWzTP2tlgNBfWzqUv6yFkQkPM49x7eRhicMPY6MLwe5duub5NsuE-anxvsRWp-w2wpNzgCsixycjLBYfglWjrXiDfkiYAtd6rxvKFuiYBoV_ifEA0P_IlC1X-YIaDkq3nG8NgV64DWAQ1CLDZV9eHj3VcCsWYjFaWJphG-gUZpDBAPj0MK7fRRanXWI2eMfgq6PsgV5YMibp1b8; domain=.paypal.com; path=/; Secure; HttpOnly
Set-Cookie: cookie_check=yes; expires=Tue, 26-Nov-2024 20:06:45 GMT; domain=.paypal.com; path=/; Secure; HttpOnly
Set-Cookie: navcmd=_notify-validate; domain=.paypal.com; path=/; Secure; HttpOnly
Set-Cookie: navlns=0.0; expires=Mon, 28-Nov-2016 20:06:45 GMT; domain=.paypal.com; path=/; Secure; HttpOnly
Set-Cookie: Apache=10.72.108.11.1417291605096447; path=/; expires=Mon, 21-Nov-44 20:06:45 GMT
Connection: close
Set-Cookie: X-PP-SILOVER=name%3DSANDBOX3.WEB.1%26silo_version%3D880%26app%3Dslingshot%26TIME%3D1428650580; domain=.paypal.com; path=/; Secure; HttpOnly
Set-Cookie: X-PP-SILOVER=; Expires=Thu, 01 Jan 1970 00:00:01 GMT
Set-Cookie: Apache=10.72.128.11.1417291605085080; path=/; expires=Mon, 21-Nov-44 20:06:44 GMT
Vary: Accept-Encoding
Strict-Transport-Security: max-age=14400
Transfer-Encoding: chunked
Content-Type: text/html; charset=UTF-8

8
VERIFIED
0



[11/29/2014 8:21 PM] - SUCCESS:IPN VERIFIED!
[From:ipn.sandbox.paypal.com|173.0.82.126]IPN POST Vars Received By Paypal_IPN Response API:
mc_gross=9000.00 
invoice=2019086262 
protection_eligibility=Eligible 
address_status=confirmed 
item_number1=1 
payer_id=B2FFGA52RFURU 
tax=0.00 
address_street=38 Clarence Road, Flat 2 
payment_date=12:21:05 Nov 29, 2014 PST 
payment_status=Completed 
charset=windows-1252 
address_zip=N22 8PL 
mc_shipping=0.00 
mc_handling=0.00 
first_name=Test 
mc_fee=306.20 
address_country_code=GB 
address_name=Sergiu Tripon 
notify_version=3.8 
custom= 
payer_status=verified 
business=triponsergiu-facilitator@hotmail.co.uk 
address_country=United Kingdom 
num_cart_items=1 
mc_handling1=0.00 
address_city=Bounds Green 
verify_sign=AKwUpvimaCAfmfJ-.PhckWeGqTcrAn4yhP6ohe6oTaqC79kDmOGvRf1x 
payer_email=triponsergiu-buyer@hotmail.co.uk 
mc_shipping1=0.00 
tax1=0.00 
txn_id=9JH86285X6464604B 
payment_type=instant 
last_name=Buyer 
address_state=Haringey 
item_name1=Full Fees 
receiver_email=triponsergiu-facilitator@hotmail.co.uk 
payment_fee= 
quantity1=1 
receiver_id=CXLWWC2ZKSE64 
txn_type=cart 
mc_gross_1=9000.00 
mc_currency=GBP 
residence_country=GB 
test_ipn=1 
transaction_subject= 
payment_gross= 
ipn_track_id=1d46a27deca5 
IPN Response from Paypal Server:
HTTP/1.1 200 OK
Date: Sat, 29 Nov 2014 20:21:14 GMT
Server: Apache
X-Frame-Options: SAMEORIGIN
Set-Cookie: c9MWDuvPtT9GIMyPc3jwol1VSlO=b8ff2777LHzGg-CNvR96b68HAZj3rN1znyDzWok2yyvPCPG8OECHA5dEkIo4J604Ik-akWRoNoNXMvG8qAXA2lszGehmJ3864wo_VDg-_0JjMiMIzzL2cMRKNfYlZc32xsKMLxe7XAhqBuvOIs9WV40mc-Rcbz4bzcp3pMc_Arv2PZ9qjybo3UcvUYu0M3nctSkLkDkQdgX-x-ITZblpfSfjPTPcRGf5wWsqqm47LEyirm8-2PvBAa8--SqkBVDg9aXMoQAPxSxw3QNhm3mHyEtQZcOIKdlP9By56yhYpnKlkCLYm_di1pAZmwLAoECUZyaPLqiPEmx8FbbyTAICwl8fkMGnUWP4YT7FlRve94PkXTHfsJuajso3-zZ-8Rkms0sFnkoKmFZgL1r5VTRMLAIjG0_tKLLC8riD8ZfxdQLWjne9mXFFd0HrJpq; domain=.paypal.com; path=/; Secure; HttpOnly
Set-Cookie: cookie_check=yes; expires=Tue, 26-Nov-2024 20:21:15 GMT; domain=.paypal.com; path=/; Secure; HttpOnly
Set-Cookie: navcmd=_notify-validate; domain=.paypal.com; path=/; Secure; HttpOnly
Set-Cookie: navlns=0.0; expires=Mon, 28-Nov-2016 20:21:15 GMT; domain=.paypal.com; path=/; Secure; HttpOnly
Set-Cookie: Apache=10.72.108.11.1417292475020874; path=/; expires=Mon, 21-Nov-44 20:21:15 GMT
Connection: close
Set-Cookie: X-PP-SILOVER=name%3DSANDBOX3.WEB.1%26silo_version%3D880%26app%3Dslingshot%26TIME%3D3140123220; domain=.paypal.com; path=/; Secure; HttpOnly
Set-Cookie: X-PP-SILOVER=; Expires=Thu, 01 Jan 1970 00:00:01 GMT
Set-Cookie: Apache=10.72.128.11.1417292475005456; path=/; expires=Mon, 21-Nov-44 20:21:14 GMT
Vary: Accept-Encoding
Strict-Transport-Security: max-age=14400
Transfer-Encoding: chunked
Content-Type: text/html; charset=UTF-8

8
VERIFIED
0



[11/29/2014 8:30 PM] - SUCCESS:IPN VERIFIED!
[From:ipn.sandbox.paypal.com|173.0.82.126]IPN POST Vars Received By Paypal_IPN Response API:
mc_gross=4500.00 
invoice=2028522244 
protection_eligibility=Eligible 
address_status=confirmed 
item_number1=1 
payer_id=B2FFGA52RFURU 
tax=0.00 
address_street=38 Clarence Road, Flat 2 
payment_date=12:30:06 Nov 29, 2014 PST 
payment_status=Completed 
charset=windows-1252 
address_zip=N22 8PL 
mc_shipping=0.00 
mc_handling=0.00 
first_name=Test 
mc_fee=153.20 
address_country_code=GB 
address_name=Sergiu Tripon 
notify_version=3.8 
custom= 
payer_status=verified 
business=triponsergiu-facilitator@hotmail.co.uk 
address_country=United Kingdom 
num_cart_items=1 
mc_handling1=0.00 
address_city=Bounds Green 
verify_sign=ATS9-rnIv7HojJT792jaiY-qzqx0AeE4wbL-K0mJyavqrY6kV0XN0T-Z 
payer_email=triponsergiu-buyer@hotmail.co.uk 
mc_shipping1=0.00 
tax1=0.00 
txn_id=74772454AV852215U 
payment_type=instant 
last_name=Buyer 
address_state=Haringey 
item_name1=Half Fees 
receiver_email=triponsergiu-facilitator@hotmail.co.uk 
payment_fee= 
quantity1=1 
receiver_id=CXLWWC2ZKSE64 
txn_type=cart 
mc_gross_1=4500.00 
mc_currency=GBP 
residence_country=GB 
test_ipn=1 
transaction_subject= 
payment_gross= 
ipn_track_id=f4c4aea41ea7c 
IPN Response from Paypal Server:
HTTP/1.1 200 OK
Date: Sat, 29 Nov 2014 20:30:16 GMT
Server: Apache
X-Frame-Options: SAMEORIGIN
Set-Cookie: c9MWDuvPtT9GIMyPc3jwol1VSlO=d7Xhfm7MXle_ClFPJYGsq-i99YGKEKQn0lZ7QxNiILDBdZxv73Sp_UKfPJEoKn3YUvhmQRe9CNKs_MVnhfoFG_UcnPLQyrlfBj6MzIeflnFolpTdcLlXCtA30NO_QNZpK5_7MOzinjjZj0h84SDK-Gj6RvXh3Ophe68fthjHzKetmY9vbOamu2fuf07GKvUp8xuCwg-HgVosXkNRWORf9WH86TqTNFlQmfDS6r-y0XF1VCYRD1tD8FYaw2bblmm0vJLBFvzsRIWFq_MbcvPyYAs1GuO4IJHyuGRx2MerUSC8inanNMtE1XT-cJRXjh-_AVOb9FpFZ3avB4Gtyzu-MzqEUgflIyk5ij1899uMydnoYfegol2rMDWf1e6BALujh4UlelSMZkKmZgzvrANn6BJtVbiRnli6VvKKEDbH60kamgPgXFYl0YQ211a; domain=.paypal.com; path=/; Secure; HttpOnly
Set-Cookie: cookie_check=yes; expires=Tue, 26-Nov-2024 20:30:16 GMT; domain=.paypal.com; path=/; Secure; HttpOnly
Set-Cookie: navcmd=_notify-validate; domain=.paypal.com; path=/; Secure; HttpOnly
Set-Cookie: navlns=0.0; expires=Mon, 28-Nov-2016 20:30:16 GMT; domain=.paypal.com; path=/; Secure; HttpOnly
Set-Cookie: Apache=10.72.108.11.1417293016317098; path=/; expires=Mon, 21-Nov-44 20:30:16 GMT
Connection: close
Set-Cookie: X-PP-SILOVER=name%3DSANDBOX3.WEB.1%26silo_version%3D880%26app%3Dslingshot%26TIME%3D3626793556; domain=.paypal.com; path=/; Secure; HttpOnly
Set-Cookie: X-PP-SILOVER=; Expires=Thu, 01 Jan 1970 00:00:01 GMT
Set-Cookie: Apache=10.72.128.11.1417293016300667; path=/; expires=Mon, 21-Nov-44 20:30:16 GMT
Vary: Accept-Encoding
Strict-Transport-Security: max-age=14400
Transfer-Encoding: chunked
Content-Type: text/html; charset=UTF-8

8
VERIFIED
0



[11/29/2014 9:00 PM] - SUCCESS:IPN VERIFIED!
[From:ipn.sandbox.paypal.com|173.0.82.126]IPN POST Vars Received By Paypal_IPN Response API:
mc_gross=9000.00 
invoice=2055372335 
protection_eligibility=Eligible 
address_status=confirmed 
item_number1=1 
payer_id=B2FFGA52RFURU 
tax=0.00 
address_street=38 Clarence Road, Flat 2 
payment_date=13:00:08 Nov 29, 2014 PST 
payment_status=Completed 
charset=windows-1252 
address_zip=N22 8PL 
mc_shipping=0.00 
mc_handling=0.00 
first_name=Test 
mc_fee=306.20 
address_country_code=GB 
address_name=Sergiu Tripon 
notify_version=3.8 
custom= 
payer_status=verified 
business=triponsergiu-facilitator@hotmail.co.uk 
address_country=United Kingdom 
num_cart_items=1 
mc_handling1=0.00 
address_city=Bounds Green 
verify_sign=AKwUpvimaCAfmfJ-.PhckWeGqTcrApuFEqiEG3Q-fGolbapKlNvKT6Aj 
payer_email=triponsergiu-buyer@hotmail.co.uk 
mc_shipping1=0.00 
tax1=0.00 
txn_id=18A83898CV249052H 
payment_type=instant 
last_name=Buyer 
address_state=Haringey 
item_name1=Full Fees 
receiver_email=triponsergiu-facilitator@hotmail.co.uk 
payment_fee= 
quantity1=1 
receiver_id=CXLWWC2ZKSE64 
txn_type=cart 
mc_gross_1=9000.00 
mc_currency=GBP 
residence_country=GB 
test_ipn=1 
transaction_subject= 
payment_gross= 
ipn_track_id=fa58a2a5205cc 
IPN Response from Paypal Server:
HTTP/1.1 200 OK
Date: Sat, 29 Nov 2014 21:00:19 GMT
Server: Apache
X-Frame-Options: SAMEORIGIN
Set-Cookie: c9MWDuvPtT9GIMyPc3jwol1VSlO=eqYrNHKIVrgRQsdYnhl8c_23_rY8WCuyYqN1DPXUuWnO9m3KkQoPOh_SLdZrRRGbMs0LmVo0kvoIVlWDtz5DZbATsc8SrpanIVLgvaGTuNBUPq24OdflAD7V-OMtBMhsMQ4BVrCiIEvmCISeiymy3TU7d5-_-sAdJnwYAPYjngL-fqnIGCaXx1Re0VIx9FKIJH83ZExGPMyWbiz1L2Qx7PPqeLp9D4m0iBOSzvbSJo-jxU2sr92O1k_OZrvMmbfd8WdXNIJiJ2BeXaldxAqSHlqnvbCX-asXBv4n0oVuS-OahaE2VBAqprZKKhNuQcLyL58X7P0-xbNaToIgv4rpOxi6U1ZxWgv0xN6Z03QrVUczZfZ5afri0EqD9TTdi-7B-nUKGsIhSuFMjkSRVOx390jo6z2GXyw4yTgW3s51av2J3a5mhg0PETRlCOG; domain=.paypal.com; path=/; Secure; HttpOnly
Set-Cookie: cookie_check=yes; expires=Tue, 26-Nov-2024 21:00:19 GMT; domain=.paypal.com; path=/; Secure; HttpOnly
Set-Cookie: navcmd=_notify-validate; domain=.paypal.com; path=/; Secure; HttpOnly
Set-Cookie: navlns=0.0; expires=Mon, 28-Nov-2016 21:00:19 GMT; domain=.paypal.com; path=/; Secure; HttpOnly
Set-Cookie: Apache=10.72.108.11.1417294819124958; path=/; expires=Mon, 21-Nov-44 21:00:19 GMT
Connection: close
Set-Cookie: X-PP-SILOVER=name%3DSANDBOX3.WEB.1%26silo_version%3D880%26app%3Dslingshot%26TIME%3D3811801684; domain=.paypal.com; path=/; Secure; HttpOnly
Set-Cookie: X-PP-SILOVER=; Expires=Thu, 01 Jan 1970 00:00:01 GMT
Set-Cookie: Apache=10.72.128.11.1417294819106688; path=/; expires=Mon, 21-Nov-44 21:00:19 GMT
Vary: Accept-Encoding
Strict-Transport-Security: max-age=14400
Transfer-Encoding: chunked
Content-Type: text/html; charset=UTF-8

8
VERIFIED
0



[11/29/2014 9:06 PM] - SUCCESS:IPN VERIFIED!
[From:ipn.sandbox.paypal.com|173.0.82.126]IPN POST Vars Received By Paypal_IPN Response API:
mc_gross=9000.00 
invoice=2104223714 
protection_eligibility=Eligible 
address_status=confirmed 
item_number1=1 
payer_id=B2FFGA52RFURU 
tax=0.00 
address_street=38 Clarence Road, Flat 2 
payment_date=13:06:02 Nov 29, 2014 PST 
payment_status=Completed 
charset=windows-1252 
address_zip=N22 8PL 
mc_shipping=0.00 
mc_handling=0.00 
first_name=Test 
mc_fee=306.20 
address_country_code=GB 
address_name=Sergiu Tripon 
notify_version=3.8 
custom= 
payer_status=verified 
business=triponsergiu-facilitator@hotmail.co.uk 
address_country=United Kingdom 
num_cart_items=1 
mc_handling1=0.00 
address_city=Bounds Green 
verify_sign=Ai1PaghZh5FmBLCDCTQpwG8jB264A0N3N-avsTy.MP.-ZUKHwIhA-QDr 
payer_email=triponsergiu-buyer@hotmail.co.uk 
mc_shipping1=0.00 
tax1=0.00 
txn_id=3US6503458130282J 
payment_type=instant 
last_name=Buyer 
address_state=Haringey 
item_name1=Full Fees 
receiver_email=triponsergiu-facilitator@hotmail.co.uk 
payment_fee= 
quantity1=1 
receiver_id=CXLWWC2ZKSE64 
txn_type=cart 
mc_gross_1=9000.00 
mc_currency=GBP 
residence_country=GB 
test_ipn=1 
transaction_subject= 
payment_gross= 
ipn_track_id=6d3b7e2d53b11 
IPN Response from Paypal Server:
HTTP/1.1 200 OK
Date: Sat, 29 Nov 2014 21:06:12 GMT
Server: Apache
X-Frame-Options: SAMEORIGIN
Set-Cookie: c9MWDuvPtT9GIMyPc3jwol1VSlO=kE7XqK5TySTwnL-zAm0R3NuUiZTmbA3Yt8d6QGxxkSeDQvDxihNcSZaKpEO1iVBmIrXU06UVxpTtV4wlfz_m57QrOLYYI5IXkAKvJObJ2HHozjwsZo8ySQ6fahYPtctDa_ZG9ej-gG36Wk8T264REqE10EEKeJ3hNzSzNoKSGPAOUrEq2HDRQcgIPRe8eMPd5EpKNKvpUFxDHdcRj5lF6hC8jHd2_eyFT6wE0F2i1Cr-_XhuElrzVxxWkoDmxuiBq7Htk48QwRGRxYTayNj2MwrAsCKwwQTec8RLmMMxA3gu_jepzo5fzLJeD8VFjMtd90YOS_lbMHs9Dc9hYCCqpyo0ZtYhCg_WBqabB98PoOYk1qIBINnA6a1N3Z11psrZ6o82wZMKkDVobwm1Sl22ERGFsxOSu1f4Fn5uLJzifknkkb51KcCNCSxfCaa; domain=.paypal.com; path=/; Secure; HttpOnly
Set-Cookie: cookie_check=yes; expires=Tue, 26-Nov-2024 21:06:12 GMT; domain=.paypal.com; path=/; Secure; HttpOnly
Set-Cookie: navcmd=_notify-validate; domain=.paypal.com; path=/; Secure; HttpOnly
Set-Cookie: navlns=0.0; expires=Mon, 28-Nov-2016 21:06:12 GMT; domain=.paypal.com; path=/; Secure; HttpOnly
Set-Cookie: Apache=10.72.108.11.1417295172427466; path=/; expires=Mon, 21-Nov-44 21:06:12 GMT
Connection: close
Set-Cookie: X-PP-SILOVER=name%3DSANDBOX3.WEB.1%26silo_version%3D880%26app%3Dslingshot%26TIME%3D1144355412; domain=.paypal.com; path=/; Secure; HttpOnly
Set-Cookie: X-PP-SILOVER=; Expires=Thu, 01 Jan 1970 00:00:01 GMT
Set-Cookie: Apache=10.72.128.11.1417295172414014; path=/; expires=Mon, 21-Nov-44 21:06:12 GMT
Vary: Accept-Encoding
Strict-Transport-Security: max-age=14400
Transfer-Encoding: chunked
Content-Type: text/html; charset=UTF-8

8
VERIFIED
0



[11/29/2014 9:08 PM] - SUCCESS:IPN VERIFIED!
[From:ipn.sandbox.paypal.com|173.0.82.126]IPN POST Vars Received By Paypal_IPN Response API:
mc_gross=4500.00 
invoice=2107215191 
protection_eligibility=Eligible 
address_status=confirmed 
item_number1=1 
payer_id=B2FFGA52RFURU 
tax=0.00 
address_street=38 Clarence Road, Flat 2 
payment_date=13:08:21 Nov 29, 2014 PST 
payment_status=Completed 
charset=windows-1252 
address_zip=N22 8PL 
mc_shipping=0.00 
mc_handling=0.00 
first_name=Test 
mc_fee=153.20 
address_country_code=GB 
address_name=Sergiu Tripon 
notify_version=3.8 
custom= 
payer_status=verified 
business=triponsergiu-facilitator@hotmail.co.uk 
address_country=United Kingdom 
num_cart_items=1 
mc_handling1=0.00 
address_city=Bounds Green 
verify_sign=AwD4sJJmdrzDKNGw7KMAMuZSx1AHAsi608RGwoX8Z8KzexcDvbo3mm45 
payer_email=triponsergiu-buyer@hotmail.co.uk 
mc_shipping1=0.00 
tax1=0.00 
txn_id=4WP14394LA651240W 
payment_type=instant 
last_name=Buyer 
address_state=Haringey 
item_name1=Half Fees 
receiver_email=triponsergiu-facilitator@hotmail.co.uk 
payment_fee= 
quantity1=1 
receiver_id=CXLWWC2ZKSE64 
txn_type=cart 
mc_gross_1=4500.00 
mc_currency=GBP 
residence_country=GB 
test_ipn=1 
transaction_subject= 
payment_gross= 
ipn_track_id=cca1a96fb4c1b 
IPN Response from Paypal Server:
HTTP/1.1 200 OK
Date: Sat, 29 Nov 2014 21:08:26 GMT
Server: Apache
X-Frame-Options: SAMEORIGIN
Set-Cookie: c9MWDuvPtT9GIMyPc3jwol1VSlO=c5YfxXR8BsPI4VvvMRYrPaFMmOkB3uc8oMqn57cQPtAMrz9YgOvF1IvTNBoesBeSu1_J39QdpyDXZgNXUKOGRTmPZDEQ8d_TIFfouhysAFlK1T_71XYlkf9ttBKW_5x3RcBc7rQ-I1HQMjXgtGN82szhM09430rqPlojRJWMvFeF1Q5_SxRTge2FMmNyPoALnC6aTwNwgMC_RtOLwsu9IHegGkLi245AFH1pKoQfvqUreIDmA553M9DL2SD8X6MEu-hTjFj0lYi3Pa0BbrJYtENfZs6OooHmpv0ogkPetCFnR8JP47NP3z3u0pMXZm8ou6jBfmOao4DNYt6ch4SBzFhLii9EVQlOte7KT5E-otCSgHgpwcaFI411n9MjEaGqTDLqHSYUAEGIjVrDeUWzm1BQLOA2bXlwve4yOJ1DTGmR3Sj7KZ9tXrp__CW; domain=.paypal.com; path=/; Secure; HttpOnly
Set-Cookie: cookie_check=yes; expires=Tue, 26-Nov-2024 21:08:26 GMT; domain=.paypal.com; path=/; Secure; HttpOnly
Set-Cookie: navcmd=_notify-validate; domain=.paypal.com; path=/; Secure; HttpOnly
Set-Cookie: navlns=0.0; expires=Mon, 28-Nov-2016 21:08:26 GMT; domain=.paypal.com; path=/; Secure; HttpOnly
Set-Cookie: Apache=10.72.108.11.1417295306398953; path=/; expires=Mon, 21-Nov-44 21:08:26 GMT
Connection: close
Set-Cookie: X-PP-SILOVER=name%3DSANDBOX3.WEB.1%26silo_version%3D880%26app%3Dslingshot%26TIME%3D3392502356; domain=.paypal.com; path=/; Secure; HttpOnly
Set-Cookie: X-PP-SILOVER=; Expires=Thu, 01 Jan 1970 00:00:01 GMT
Set-Cookie: Apache=10.72.128.11.1417295306384213; path=/; expires=Mon, 21-Nov-44 21:08:26 GMT
Vary: Accept-Encoding
Strict-Transport-Security: max-age=14400
Transfer-Encoding: chunked
Content-Type: text/html; charset=UTF-8

8
VERIFIED
0



[11/29/2014 9:10 PM] - SUCCESS:IPN VERIFIED!
[From:ipn.sandbox.paypal.com|173.0.82.126]IPN POST Vars Received By Paypal_IPN Response API:
mc_gross=4500.00 
invoice=2109108414 
protection_eligibility=Eligible 
address_status=confirmed 
item_number1=1 
payer_id=B2FFGA52RFURU 
tax=0.00 
address_street=38 Clarence Road, Flat 2 
payment_date=13:10:30 Nov 29, 2014 PST 
payment_status=Completed 
charset=windows-1252 
address_zip=N22 8PL 
mc_shipping=0.00 
mc_handling=0.00 
first_name=Test 
mc_fee=153.20 
address_country_code=GB 
address_name=Sergiu Tripon 
notify_version=3.8 
custom= 
payer_status=verified 
business=triponsergiu-facilitator@hotmail.co.uk 
address_country=United Kingdom 
num_cart_items=1 
mc_handling1=0.00 
address_city=Bounds Green 
verify_sign=ABn4NQvp5NFumbv2YH1wF6CZ7Ae1ALn9XfUKq7j-WqHZIC8xboOhARg8 
payer_email=triponsergiu-buyer@hotmail.co.uk 
mc_shipping1=0.00 
tax1=0.00 
txn_id=52C050581F103600U 
payment_type=instant 
last_name=Buyer 
address_state=Haringey 
item_name1=Half Fees 
receiver_email=triponsergiu-facilitator@hotmail.co.uk 
payment_fee= 
quantity1=1 
receiver_id=CXLWWC2ZKSE64 
txn_type=cart 
mc_gross_1=4500.00 
mc_currency=GBP 
residence_country=GB 
test_ipn=1 
transaction_subject= 
payment_gross= 
ipn_track_id=fc999c5c4551d 
IPN Response from Paypal Server:
HTTP/1.1 200 OK
Date: Sat, 29 Nov 2014 21:10:36 GMT
Server: Apache
X-Frame-Options: SAMEORIGIN
Set-Cookie: c9MWDuvPtT9GIMyPc3jwol1VSlO=GYdMPypoFgRk7T82rxn3fVKsqM_5StkjUU1zsfHzrIsjpPYgG5bpxukdoxOl2kSKEY-9KzwAiSZy9eCUAJO6XjW0xTRMvZWGg_HkrpcjsEs14Hr1bwXC0fsr2biYQoPnLTWcizlNWQZenjPNWRNyszebzHcB1zL1njhzzQiCyEmZc10GbvGF82DKaGxgELqJ-f1FgAyzvBLpLFNM3ttmt_o3PJhBt0ZGtGcHYH2uqjK1QUMLcWdaEhLgx26EhY8he4aUzaFf5D_Jkbu-C7BXIllYrfqOBIjjcE-_Xw2kl0Cx5gwwYn0qll7tZoVzVfHAGhUY1Ba7mWgyuWksr3B1R637vpizZbVLZIrPTF22kCPNrgVNNdOx60ArQtlBLCOIDH1H6fSxYcwm7vE3TkuCJhAelF60TlTox7glQGbjQHVlk75GFpYObYDgUtK; domain=.paypal.com; path=/; Secure; HttpOnly
Set-Cookie: cookie_check=yes; expires=Tue, 26-Nov-2024 21:10:37 GMT; domain=.paypal.com; path=/; Secure; HttpOnly
Set-Cookie: navcmd=_notify-validate; domain=.paypal.com; path=/; Secure; HttpOnly
Set-Cookie: navlns=0.0; expires=Mon, 28-Nov-2016 21:10:37 GMT; domain=.paypal.com; path=/; Secure; HttpOnly
Set-Cookie: Apache=10.72.108.11.1417295437012518; path=/; expires=Mon, 21-Nov-44 21:10:37 GMT
Connection: close
Set-Cookie: X-PP-SILOVER=name%3DSANDBOX3.WEB.1%26silo_version%3D880%26app%3Dslingshot%26TIME%3D1295415892; domain=.paypal.com; path=/; Secure; HttpOnly
Set-Cookie: X-PP-SILOVER=; Expires=Thu, 01 Jan 1970 00:00:01 GMT
Set-Cookie: Apache=10.72.128.11.1417295436997270; path=/; expires=Mon, 21-Nov-44 21:10:36 GMT
Vary: Accept-Encoding
Strict-Transport-Security: max-age=14400
Transfer-Encoding: chunked
Content-Type: text/html; charset=UTF-8

8
VERIFIED
0



[11/29/2014 9:13 PM] - SUCCESS:IPN VERIFIED!
[From:ipn.sandbox.paypal.com|173.0.82.126]IPN POST Vars Received By Paypal_IPN Response API:
mc_gross=4500.00 
invoice=2112292978 
protection_eligibility=Eligible 
address_status=confirmed 
item_number1=1 
payer_id=B2FFGA52RFURU 
tax=0.00 
address_street=38 Clarence Road, Flat 2 
payment_date=13:13:29 Nov 29, 2014 PST 
payment_status=Completed 
charset=windows-1252 
address_zip=N22 8PL 
mc_shipping=0.00 
mc_handling=0.00 
first_name=Test 
mc_fee=153.20 
address_country_code=GB 
address_name=Sergiu Tripon 
notify_version=3.8 
custom= 
payer_status=verified 
business=triponsergiu-facilitator@hotmail.co.uk 
address_country=United Kingdom 
num_cart_items=1 
mc_handling1=0.00 
address_city=Bounds Green 
verify_sign=ACNkGKDblGjtuqsKB7eetFICZ3gqAl6.ypkupAJUwYk8mUJYHqXs0.tZ 
payer_email=triponsergiu-buyer@hotmail.co.uk 
mc_shipping1=0.00 
tax1=0.00 
txn_id=251971681J368904L 
payment_type=instant 
last_name=Buyer 
address_state=Haringey 
item_name1=Half Fees 
receiver_email=triponsergiu-facilitator@hotmail.co.uk 
payment_fee= 
quantity1=1 
receiver_id=CXLWWC2ZKSE64 
txn_type=cart 
mc_gross_1=4500.00 
mc_currency=GBP 
residence_country=GB 
test_ipn=1 
transaction_subject= 
payment_gross= 
ipn_track_id=5e79bbb45fb1c 
IPN Response from Paypal Server:
HTTP/1.1 200 OK
Date: Sat, 29 Nov 2014 21:13:39 GMT
Server: Apache
X-Frame-Options: SAMEORIGIN
Set-Cookie: c9MWDuvPtT9GIMyPc3jwol1VSlO=fccKXdqh5Erkr-wN0bZmVlFFnPhVrid5FcHVgAb26NuYI33OfS0SMsEcBhs1Wx4Cz0SIBSwtqG7JpbDDQcCY8c1HKF8dKPC3P8fqFJ40a3H35-b7-NOfA1o6MaAU_yeKZg7kpcYMMawT0qxQeCUDU1X247tCM4XPovExNAEeQPSsJemOf7rx7TAmtw6gFQe3xfTB1TUxoJoLxC898CGm8EuexMxWd56EiIcODrNWIWec4wBuAIrdunSMhlsrye2Tt34n1U-3FVIqw5qLhayF-zfaK9xAfM4O_qg11v4zDcp5Y99_LtRwgjjiOGU1Bd-7gDVkpgaaq9dycax0sUKU9wbeQYLewn38HsDoDJBslBsv5m78GLL4ngcATumsDVIzGbV9zQHqyq55Q4cG6YX3GGr7naPSSE5_Y-ljhToNrWpJ0yfaGL4l9jdbgoK; domain=.paypal.com; path=/; Secure; HttpOnly
Set-Cookie: cookie_check=yes; expires=Tue, 26-Nov-2024 21:13:40 GMT; domain=.paypal.com; path=/; Secure; HttpOnly
Set-Cookie: navcmd=_notify-validate; domain=.paypal.com; path=/; Secure; HttpOnly
Set-Cookie: navlns=0.0; expires=Mon, 28-Nov-2016 21:13:40 GMT; domain=.paypal.com; path=/; Secure; HttpOnly
Set-Cookie: Apache=10.72.108.11.1417295620085904; path=/; expires=Mon, 21-Nov-44 21:13:40 GMT
Connection: close
Set-Cookie: X-PP-SILOVER=name%3DSANDBOX3.WEB.1%26silo_version%3D880%26app%3Dslingshot%26TIME%3D70744660; domain=.paypal.com; path=/; Secure; HttpOnly
Set-Cookie: X-PP-SILOVER=; Expires=Thu, 01 Jan 1970 00:00:01 GMT
Set-Cookie: Apache=10.72.128.11.1417295620074943; path=/; expires=Mon, 21-Nov-44 21:13:39 GMT
Vary: Accept-Encoding
Strict-Transport-Security: max-age=14400
Transfer-Encoding: chunked
Content-Type: text/html; charset=UTF-8

8
VERIFIED
0



[11/29/2014 11:37 PM] - SUCCESS:IPN VERIFIED!
[From:ipn.sandbox.paypal.com|173.0.82.126]IPN POST Vars Received By Paypal_IPN Response API:
mc_gross=4500.00 
invoice=2336256124 
protection_eligibility=Eligible 
address_status=confirmed 
item_number1=1 
payer_id=B2FFGA52RFURU 
tax=0.00 
address_street=38 Clarence Road, Flat 2 
payment_date=15:37:18 Nov 29, 2014 PST 
payment_status=Completed 
charset=windows-1252 
address_zip=N22 8PL 
mc_shipping=0.00 
mc_handling=0.00 
first_name=Test 
mc_fee=153.20 
address_country_code=GB 
address_name=Sergiu Tripon 
notify_version=3.8 
custom= 
payer_status=verified 
business=triponsergiu-facilitator@hotmail.co.uk 
address_country=United Kingdom 
num_cart_items=1 
mc_handling1=0.00 
address_city=Bounds Green 
verify_sign=AqBqA1nSf.CEBj1d5rbDP.LO-woKA6tZmMsytDT568bEfEyi5TfHV972 
payer_email=triponsergiu-buyer@hotmail.co.uk 
mc_shipping1=0.00 
tax1=0.00 
txn_id=7A4747723X024433T 
payment_type=instant 
last_name=Buyer 
address_state=Haringey 
item_name1=Half Fees 
receiver_email=triponsergiu-facilitator@hotmail.co.uk 
payment_fee= 
quantity1=1 
receiver_id=CXLWWC2ZKSE64 
txn_type=cart 
mc_gross_1=4500.00 
mc_currency=GBP 
residence_country=GB 
test_ipn=1 
transaction_subject= 
payment_gross= 
ipn_track_id=8d6c47fe910c2 
IPN Response from Paypal Server:
HTTP/1.1 200 OK
Date: Sat, 29 Nov 2014 23:37:24 GMT
Server: Apache
X-Frame-Options: SAMEORIGIN
Set-Cookie: c9MWDuvPtT9GIMyPc3jwol1VSlO=VkE_f0EwplRRGkJMXlguk_RI6B0-wVKs4bfcqgsjm39Gn1Eza4Cu9AFk8V63sLuMvOW_9wC02eQ2X6DRQSa2gAJBJrE2fXwXBomLML6ZVAdYPnIUjd-GrKhnsUZngpnp8Q0mv7GXqwtrlsh3ZRGcfyrJqunM60sFzWMm5gqB4R0RqeSM_Nw-yx5HgA2P8bBFUU3aICYX6Q9P0nypzlTDjkI1gpFIOvrrrxEQ_G9XYGYuIrUN0C5xEA30maaYTJS-iQHp9f8O8bTzm4n1r6UKUjWCVCYLx6r9xbtpwxtbd7mQWsnLGZDr5HPyAtbZtXkNYn9K6rGNtXO5wGZkF35iYw3D9tzPrJBgPypikBH2UDcFS7o45y1y5xWCrCHbZcryY-NZYu_Au5YnzuE2nCmNyL5xd4JE3A9SCgLEzuYORetl6KG-nG1nhNqzkTC; domain=.paypal.com; path=/; Secure; HttpOnly
Set-Cookie: cookie_check=yes; expires=Tue, 26-Nov-2024 23:37:25 GMT; domain=.paypal.com; path=/; Secure; HttpOnly
Set-Cookie: navcmd=_notify-validate; domain=.paypal.com; path=/; Secure; HttpOnly
Set-Cookie: navlns=0.0; expires=Mon, 28-Nov-2016 23:37:25 GMT; domain=.paypal.com; path=/; Secure; HttpOnly
Set-Cookie: Apache=10.72.108.11.1417304244756876; path=/; expires=Mon, 21-Nov-44 23:37:24 GMT
Connection: close
Set-Cookie: X-PP-SILOVER=name%3DSANDBOX3.WEB.1%26silo_version%3D880%26app%3Dslingshot%26TIME%3D3025697364; domain=.paypal.com; path=/; Secure; HttpOnly
Set-Cookie: X-PP-SILOVER=; Expires=Thu, 01 Jan 1970 00:00:01 GMT
Set-Cookie: Apache=10.72.128.11.1417304244745351; path=/; expires=Mon, 21-Nov-44 23:37:24 GMT
Vary: Accept-Encoding
Strict-Transport-Security: max-age=14400
Transfer-Encoding: chunked
Content-Type: text/html; charset=UTF-8

8
VERIFIED
0



[12/07/2014 1:13 PM] - SUCCESS:IPN VERIFIED!
[From:ipn.sandbox.paypal.com|173.0.82.126]IPN POST Vars Received By Paypal_IPN Response API:
mc_gross=4500.00 
invoice=1309073445 
protection_eligibility=Eligible 
address_status=unconfirmed 
item_number1=1 
payer_id=B2FFGA52RFURU 
tax=0.00 
address_street=Flat 2, 38 Clarence Road 
payment_date=05:13:47 Dec 07, 2014 PST 
payment_status=Completed 
charset=windows-1252 
address_zip=N22 8PL 
mc_shipping=0.00 
mc_handling=0.00 
first_name=Test 
mc_fee=153.20 
address_country_code=ES 
address_name=Sergiu Tripon 
notify_version=3.8 
custom= 
payer_status=verified 
business=triponsergiu-facilitator@hotmail.co.uk 
address_country=Spain 
num_cart_items=1 
mc_handling1=0.00 
address_city=Bounds Green 
verify_sign=AhuYXXqD5maQxC.eHFwZMNz0u0JmAV58wPNbjf2HFSXYD5G1NVWEaP39 
payer_email=triponsergiu-buyer@hotmail.co.uk 
mc_shipping1=0.00 
tax1=0.00 
txn_id=42V85746CJ130070N 
payment_type=instant 
last_name=Buyer 
address_state=Haringey 
item_name1=Half Fees 
receiver_email=triponsergiu-facilitator@hotmail.co.uk 
payment_fee= 
quantity1=1 
receiver_id=CXLWWC2ZKSE64 
txn_type=cart 
mc_gross_1=4500.00 
mc_currency=GBP 
residence_country=GB 
test_ipn=1 
transaction_subject= 
payment_gross= 
ipn_track_id=d8cc1f278bea8 
IPN Response from Paypal Server:
HTTP/1.1 200 OK
Date: Sun, 07 Dec 2014 13:13:52 GMT
Server: Apache
X-Frame-Options: SAMEORIGIN
Set-Cookie: c9MWDuvPtT9GIMyPc3jwol1VSlO=Wmn2vASrZngKdEcjRXE2enS7I9XNDaq9jW8OhNgkiVuOX8Hgu15iO37HBnQhOiKqkAxCCfAjJPaMxer_kcS-Ppl8mImC2VPNsQn8UJhFvhaI_RyPC8ruLJFJwQH2yoKUOj8tX2CIBwJm40SfpPUSvylUX0C-PGBK8BF3uLrPimdY158QIj057aKoLenTZlLae6Wh-Ap7FvMyN1RUUqYYA6rf8J8U7sarKTvcqfbuRUVUcIyPazi70Ylu2JB29Fg4FiC-nF0Oa5gCusJASHCV8TRuYvK1jWYsjDSW5T3bQQZdtuQ1iuOSC9hwwakhx_K-nJD8yukWpD0Ih0dL412UMlYdBK_h4fVOgToXrtLkeWdbqeOzkJJqJBwllQIJZuA87gC8YQye5rVVn_7fJSTIlemAwja3gPXPY_Irqm5Cn_bYRdLJzfVGmt1G7HC; domain=.paypal.com; path=/; Secure; HttpOnly
Set-Cookie: cookie_check=yes; expires=Wed, 04-Dec-2024 13:13:52 GMT; domain=.paypal.com; path=/; Secure; HttpOnly
Set-Cookie: navcmd=_notify-validate; domain=.paypal.com; path=/; Secure; HttpOnly
Set-Cookie: navlns=0.0; expires=Tue, 06-Dec-2016 13:13:52 GMT; domain=.paypal.com; path=/; Secure; HttpOnly
Set-Cookie: Apache=10.72.108.11.1417958032364944; path=/; expires=Tue, 29-Nov-44 13:13:52 GMT
Vary: Accept-Encoding,User-Agent
Connection: close
Set-Cookie: X-PP-SILOVER=name%3DSANDBOX3.WEB.1%26silo_version%3D880%26app%3Dslingshot%26TIME%3D2421326932; domain=.paypal.com; path=/; Secure; HttpOnly
Set-Cookie: X-PP-SILOVER=; Expires=Thu, 01 Jan 1970 00:00:01 GMT
Set-Cookie: Apache=10.72.128.11.1417958032349911; path=/; expires=Tue, 29-Nov-44 13:13:52 GMT
Strict-Transport-Security: max-age=14400
Transfer-Encoding: chunked
Content-Type: text/html; charset=UTF-8

8
VERIFIED
0



[12/14/2014 8:27 PM] - SUCCESS:IPN VERIFIED!
[From:ipn.sandbox.paypal.com|173.0.82.126]IPN POST Vars Received By Paypal_IPN Response API:
mc_gross=4500.00 
invoice=2025334211 
protection_eligibility=Eligible 
address_status=confirmed 
item_number1=1 
payer_id=B2FFGA52RFURU 
tax=0.00 
address_street=Flat 2, 38 Clarence Road 
payment_date=12:26:53 Dec 14, 2014 PST 
payment_status=Completed 
charset=windows-1252 
address_zip=N22 8PL 
mc_shipping=0.00 
mc_handling=0.00 
first_name=Test 
mc_fee=153.20 
address_country_code=GB 
address_name=Sergiu Tripon 
notify_version=3.8 
custom= 
payer_status=verified 
business=triponsergiu-facilitator@hotmail.co.uk 
address_country=United Kingdom 
num_cart_items=1 
mc_handling1=0.00 
address_city=London 
verify_sign=AGs52InFHk3cJ5j80u2Udq.A26J4AAuhfqmVgI7YaRrTn3CxFMQPLU7s 
payer_email=triponsergiu-buyer@hotmail.co.uk 
mc_shipping1=0.00 
tax1=0.00 
txn_id=4NF961651V828402R 
payment_type=instant 
last_name=Buyer 
address_state=Haringey 
item_name1=Half Fees 
receiver_email=triponsergiu-facilitator@hotmail.co.uk 
payment_fee= 
quantity1=1 
receiver_id=CXLWWC2ZKSE64 
txn_type=cart 
mc_gross_1=4500.00 
mc_currency=GBP 
residence_country=GB 
test_ipn=1 
transaction_subject= 
payment_gross= 
ipn_track_id=fb823db11accd 
IPN Response from Paypal Server:
HTTP/1.1 200 OK
Date: Sun, 14 Dec 2014 20:27:01 GMT
Server: Apache
X-Frame-Options: SAMEORIGIN
Set-Cookie: c9MWDuvPtT9GIMyPc3jwol1VSlO=KScL8cYMmD-1shjIx2s9Kc9h6NKFtz-fP4ZT77-M34U3C1WUJrllQtoDhwnqtK8Jnng935sm-gIpbOgm7T8MqngxmqMmU8XYJ5utnUpG3HjZ9b7fs45wKITWGV2WGY8JSyN7E0Og36TtAV7-L-gGHLYe-DWBPkZKlXEUuqzpSGFLZ2IPSdiaT7CZqVpwIpRCuD7el__7TVuG0FL4zeteSLzqW60p9qJvQAqQ3jaTePgquPLQQu5Y9BPO4qseU13qOQsCIG4lF4ZR5YlvXaoAIDiHMdeYv_6gA9Pt7H6Ebe5QB9Q8JbBK7eLCZ9qs1Dag4UHJaeCoDocPUf2cvKmp82-EkldY3ja9dgmxbR6ughJhW1faZxZPnKF8eB3RsOcKQz1acyGSsZ8QPMbJu7Pj_oE4Qd6MFuYyA_DtIOi6Tm4G_ot-lqCHFUiOY20; domain=.paypal.com; path=/; Secure; HttpOnly
Set-Cookie: cookie_check=yes; expires=Wed, 11-Dec-2024 20:27:01 GMT; domain=.paypal.com; path=/; Secure; HttpOnly
Set-Cookie: navcmd=_notify-validate; domain=.paypal.com; path=/; Secure; HttpOnly
Set-Cookie: navlns=0.0; expires=Tue, 13-Dec-2016 20:27:01 GMT; domain=.paypal.com; path=/; Secure; HttpOnly
Set-Cookie: Apache=10.72.108.11.1418588821190078; path=/; expires=Tue, 06-Dec-44 20:27:01 GMT
Vary: Accept-Encoding,User-Agent
Connection: close
Set-Cookie: X-PP-SILOVER=name%3DSANDBOX3.WEB.1%26silo_version%3D880%26app%3Dslingshot%26TIME%3D2515701076; domain=.paypal.com; path=/; Secure; HttpOnly
Set-Cookie: X-PP-SILOVER=; Expires=Thu, 01 Jan 1970 00:00:01 GMT
Set-Cookie: Apache=10.72.128.11.1418588821174794; path=/; expires=Tue, 06-Dec-44 20:27:01 GMT
Strict-Transport-Security: max-age=14400
Transfer-Encoding: chunked
Content-Type: text/html; charset=UTF-8

8
VERIFIED
0



[12/29/2014 4:40 PM] - SUCCESS:IPN VERIFIED!
[From:ipn.sandbox.paypal.com|173.0.82.126]IPN POST Vars Received By Paypal_IPN Response API:
mc_gross=9000.00 
invoice=1639054768 
protection_eligibility=Eligible 
address_status=confirmed 
item_number1=1 
payer_id=B2FFGA52RFURU 
tax=0.00 
address_street=Flat 2, 38 Clarence Road 
payment_date=08:40:08 Dec 29, 2014 PST 
payment_status=Completed 
charset=windows-1252 
address_zip=N22 8PL 
mc_shipping=0.00 
mc_handling=0.00 
first_name=Test 
mc_fee=306.20 
address_country_code=GB 
address_name=Sergiu Tripon 
notify_version=3.8 
custom= 
payer_status=verified 
business=triponsergiu-facilitator@hotmail.co.uk 
address_country=United Kingdom 
num_cart_items=1 
mc_handling1=0.00 
address_city=London 
verify_sign=AcbWFqseytCH0kp6iqkDfKKN6uanAXXswiAV7BOOoGyEHAYhXSuXw82w 
payer_email=triponsergiu-buyer@hotmail.co.uk 
mc_shipping1=0.00 
tax1=0.00 
txn_id=7HX31929BY286162K 
payment_type=instant 
last_name=Buyer 
address_state=Haringey 
item_name1=Full Fees 
receiver_email=triponsergiu-facilitator@hotmail.co.uk 
payment_fee= 
quantity1=1 
receiver_id=CXLWWC2ZKSE64 
txn_type=cart 
mc_gross_1=9000.00 
mc_currency=GBP 
residence_country=GB 
test_ipn=1 
transaction_subject= 
payment_gross= 
ipn_track_id=3d0f9fe72320b 
IPN Response from Paypal Server:
HTTP/1.1 200 OK
Date: Mon, 29 Dec 2014 16:40:13 GMT
Server: Apache
X-Frame-Options: SAMEORIGIN
Set-Cookie: c9MWDuvPtT9GIMyPc3jwol1VSlO=fRfMsSeOqAIJsg0JIyKolHkVmiHLA2i9V4yePqbh8fhl4aZXQQx0KQXp2N1YqqEhz0yF7c6ju87ndir3Bw8SzLpmWs-JVLee3aCjbbc_TbBX70Hd71aM3L-S-R2-OFaRU2OzK2Rb87p_B1yp64D7uh2wQuNNIA-vcKUOhvywSgK2UlIuHo6VpJHIHOEvlxQmoUxMWW9v4zk_VSN9uPQFtCKoJFnAW-egPg9xTa7GOuDj7kI6TaU6kKMViyI8s3Mds_bWTci0w76AOGtzlvfCHfT28TkD2exsCba6BfUwEOWnOjEULnTfYC4rLDeiVNJ0vf-ehWEpprEIrNSnpq1xI_9vkNR86ZUJlssGtHQCknWzNX4kTTbMHJp8HIXFxcie_BFfIb8BS5hsuhAsfUEwJuxEYTGK2o8I0TIAlDaYOyLOSur6S7lQnC1mEnu; domain=.paypal.com; path=/; Secure; HttpOnly
Set-Cookie: cookie_check=yes; expires=Thu, 26-Dec-2024 16:40:14 GMT; domain=.paypal.com; path=/; Secure; HttpOnly
Set-Cookie: navcmd=_notify-validate; domain=.paypal.com; path=/; Secure; HttpOnly
Set-Cookie: navlns=0.0; expires=Wed, 28-Dec-2016 16:40:14 GMT; domain=.paypal.com; path=/; Secure; HttpOnly
Set-Cookie: Apache=10.72.108.11.1419871213791392; path=/; expires=Wed, 21-Dec-44 16:40:13 GMT
Vary: Accept-Encoding,User-Agent
Connection: close
Set-Cookie: X-PP-SILOVER=name%3DSANDBOX3.WEB.1%26silo_version%3D880%26app%3Dslingshot%26TIME%3D3984826708; domain=.paypal.com; path=/; Secure; HttpOnly
Set-Cookie: X-PP-SILOVER=; Expires=Thu, 01 Jan 1970 00:00:01 GMT
Set-Cookie: Apache=10.72.128.11.1419871213776748; path=/; expires=Wed, 21-Dec-44 16:40:13 GMT
Strict-Transport-Security: max-age=14400
Transfer-Encoding: chunked
Content-Type: text/html; charset=UTF-8

8
VERIFIED
0



[12/29/2014 4:45 PM] - SUCCESS:IPN VERIFIED!
[From:ipn.sandbox.paypal.com|173.0.82.126]IPN POST Vars Received By Paypal_IPN Response API:
mc_gross=4500.00 
invoice=1645004422 
protection_eligibility=Eligible 
address_status=confirmed 
item_number1=1 
payer_id=B2FFGA52RFURU 
tax=0.00 
address_street=Flat 2, 38 Clarence Road 
payment_date=08:45:53 Dec 29, 2014 PST 
payment_status=Completed 
charset=windows-1252 
address_zip=N22 8PL 
mc_shipping=0.00 
mc_handling=0.00 
first_name=Test 
mc_fee=153.20 
address_country_code=GB 
address_name=Sergiu Tripon 
notify_version=3.8 
custom= 
payer_status=verified 
business=triponsergiu-facilitator@hotmail.co.uk 
address_country=United Kingdom 
num_cart_items=1 
mc_handling1=0.00 
address_city=London 
verify_sign=Aa59uhewgyn78hUcRR-uuQfrZ6ApAPkayrjEXSdwHxprJA-soYMYG2R6 
payer_email=triponsergiu-buyer@hotmail.co.uk 
mc_shipping1=0.00 
tax1=0.00 
txn_id=039210242S9313823 
payment_type=instant 
last_name=Buyer 
address_state=Haringey 
item_name1=Half Fees 
receiver_email=triponsergiu-facilitator@hotmail.co.uk 
payment_fee= 
quantity1=1 
receiver_id=CXLWWC2ZKSE64 
txn_type=cart 
mc_gross_1=4500.00 
mc_currency=GBP 
residence_country=GB 
test_ipn=1 
transaction_subject= 
payment_gross= 
ipn_track_id=eaffd43776f7e 
IPN Response from Paypal Server:
HTTP/1.1 200 OK
Date: Mon, 29 Dec 2014 16:45:57 GMT
Server: Apache
X-Frame-Options: SAMEORIGIN
Set-Cookie: c9MWDuvPtT9GIMyPc3jwol1VSlO=2cAJQclXnGM7Ibk8pOgUc2I2FtWpukj276U-cIcFfpPFRBZJ_04Is6KMmUZFtbaiPnE_faD5HPA_5P0-W-n9RN1VadDKmtLJUdT5aF2s6GYprCxbCWPdpRj62iltHsQsJnt5spnBD08jwqtqpXAYey4AwVd7YZl2iQGslfcZozuC17AFkZC-GnJDdEO45zKYBBXpwG1VD2-w0J8JQDWbKm-VOmX6oA7HYn6gyJgMcIIt2J6mXC_4jInqXupIdi2W6m4s7Bdc1NfqQTvDbIivW7sMlk8tK4OyIhM8fGVnMLbJ9D_BENmJ6dg_c3c2SUJ2kbQlehUlXQG55MHa9pkrNcUCWXmQuhgDb9uvLEu2Bkh0lv0ohuV-Cy_onu3V4DR9CWvE8yKOkAg0GTkVguyfICIqiwFvEWfhlM1Upvfbmb2lLk_dNBjIXspPtmS; domain=.paypal.com; path=/; Secure; HttpOnly
Set-Cookie: cookie_check=yes; expires=Thu, 26-Dec-2024 16:45:57 GMT; domain=.paypal.com; path=/; Secure; HttpOnly
Set-Cookie: navcmd=_notify-validate; domain=.paypal.com; path=/; Secure; HttpOnly
Set-Cookie: navlns=0.0; expires=Wed, 28-Dec-2016 16:45:57 GMT; domain=.paypal.com; path=/; Secure; HttpOnly
Set-Cookie: Apache=10.72.108.11.1419871557321099; path=/; expires=Wed, 21-Dec-44 16:45:57 GMT
Vary: Accept-Encoding,User-Agent
Connection: close
Set-Cookie: X-PP-SILOVER=name%3DSANDBOX3.WEB.1%26silo_version%3D880%26app%3Dslingshot%26TIME%3D1166385492; domain=.paypal.com; path=/; Secure; HttpOnly
Set-Cookie: X-PP-SILOVER=; Expires=Thu, 01 Jan 1970 00:00:01 GMT
Set-Cookie: Apache=10.72.128.11.1419871557305698; path=/; expires=Wed, 21-Dec-44 16:45:57 GMT
Strict-Transport-Security: max-age=14400
Transfer-Encoding: chunked
Content-Type: text/html; charset=UTF-8

8
VERIFIED
0



[12/29/2014 4:46 PM] - SUCCESS:IPN VERIFIED!
[From:ipn.sandbox.paypal.com|173.0.82.126]IPN POST Vars Received By Paypal_IPN Response API:
mc_gross=4500.00 
invoice=1645004422 
protection_eligibility=Eligible 
address_status=confirmed 
item_number1=1 
payer_id=B2FFGA52RFURU 
tax=0.00 
address_street=Flat 2, 38 Clarence Road 
payment_date=08:45:53 Dec 29, 2014 PST 
payment_status=Completed 
charset=windows-1252 
address_zip=N22 8PL 
mc_shipping=0.00 
mc_handling=0.00 
first_name=Test 
mc_fee=153.20 
address_country_code=GB 
address_name=Sergiu Tripon 
notify_version=3.8 
custom= 
payer_status=verified 
business=triponsergiu-facilitator@hotmail.co.uk 
address_country=United Kingdom 
num_cart_items=1 
mc_handling1=0.00 
address_city=London 
verify_sign=Aa59uhewgyn78hUcRR-uuQfrZ6ApAPkayrjEXSdwHxprJA-soYMYG2R6 
payer_email=triponsergiu-buyer@hotmail.co.uk 
mc_shipping1=0.00 
tax1=0.00 
txn_id=039210242S9313823 
payment_type=instant 
last_name=Buyer 
address_state=Haringey 
item_name1=Half Fees 
receiver_email=triponsergiu-facilitator@hotmail.co.uk 
payment_fee= 
quantity1=1 
receiver_id=CXLWWC2ZKSE64 
txn_type=cart 
mc_gross_1=4500.00 
mc_currency=GBP 
residence_country=GB 
test_ipn=1 
transaction_subject= 
payment_gross= 
ipn_track_id=eaffd43776f7e 
IPN Response from Paypal Server:
HTTP/1.1 200 OK
Date: Mon, 29 Dec 2014 16:46:58 GMT
Server: Apache
X-Frame-Options: SAMEORIGIN
Set-Cookie: c9MWDuvPtT9GIMyPc3jwol1VSlO=y4y2umT_D-zUIDEVbSdVvSbBxvLAzimvoZdBsTc3g0djQwZNb7toF-C9ZN7ZJkb_m5-yi5Dic5lYDHJqFa0VDRvmgM6gmYPDI7Wl6EcZie3KA9iPc3S_JaJ7b8N3v9Ulm1RHDMgZJldyPYMkZW8uElGlOFdUjQsDx6PDnakN1gpZFDJ0QuTmDBvkXknuRIzHT250g62rqEqyARy3CLCa3TfK2M1qxPmdJJyvCTShCdB2R2wg-xFAGQPSSVubG91pv5TTQYGZawBaGVIbWT5W3wrMWGDHZ9_ICzP0m7WKHBtl8EAVgGLNnX5DxwkeQhJk_EC0NpCMieuC6puZmMh8bfcD0TW6_v4Hq9FTmfKo2gTcvxCMJkKAXcX7Nm2AlfgjGIXkTc4OciYU_mAsQfmWqpgXR3Zag2kWFDvgAwORsaECrlAZAjjC9iOCKg8; domain=.paypal.com; path=/; Secure; HttpOnly
Set-Cookie: cookie_check=yes; expires=Thu, 26-Dec-2024 16:46:58 GMT; domain=.paypal.com; path=/; Secure; HttpOnly
Set-Cookie: navcmd=_notify-validate; domain=.paypal.com; path=/; Secure; HttpOnly
Set-Cookie: navlns=0.0; expires=Wed, 28-Dec-2016 16:46:58 GMT; domain=.paypal.com; path=/; Secure; HttpOnly
Set-Cookie: Apache=10.72.108.11.1419871618155434; path=/; expires=Wed, 21-Dec-44 16:46:58 GMT
Vary: Accept-Encoding,User-Agent
Connection: close
Set-Cookie: X-PP-SILOVER=name%3DSANDBOX3.WEB.1%26silo_version%3D880%26app%3Dslingshot%26TIME%3D2189795668; domain=.paypal.com; path=/; Secure; HttpOnly
Set-Cookie: X-PP-SILOVER=; Expires=Thu, 01 Jan 1970 00:00:01 GMT
Set-Cookie: Apache=10.72.128.11.1419871618140818; path=/; expires=Wed, 21-Dec-44 16:46:58 GMT
Strict-Transport-Security: max-age=14400
Transfer-Encoding: chunked
Content-Type: text/html; charset=UTF-8

8
VERIFIED
0



[12/29/2014 4:47 PM] - SUCCESS:IPN VERIFIED!
[From:ipn.sandbox.paypal.com|173.0.82.126]IPN POST Vars Received By Paypal_IPN Response API:
mc_gross=4500.00 
invoice=1645004422 
protection_eligibility=Eligible 
address_status=confirmed 
item_number1=1 
payer_id=B2FFGA52RFURU 
tax=0.00 
address_street=Flat 2, 38 Clarence Road 
payment_date=08:45:53 Dec 29, 2014 PST 
payment_status=Completed 
charset=windows-1252 
address_zip=N22 8PL 
mc_shipping=0.00 
mc_handling=0.00 
first_name=Test 
mc_fee=153.20 
address_country_code=GB 
address_name=Sergiu Tripon 
notify_version=3.8 
custom= 
payer_status=verified 
business=triponsergiu-facilitator@hotmail.co.uk 
address_country=United Kingdom 
num_cart_items=1 
mc_handling1=0.00 
address_city=London 
verify_sign=Aa59uhewgyn78hUcRR-uuQfrZ6ApAPkayrjEXSdwHxprJA-soYMYG2R6 
payer_email=triponsergiu-buyer@hotmail.co.uk 
mc_shipping1=0.00 
tax1=0.00 
txn_id=039210242S9313823 
payment_type=instant 
last_name=Buyer 
address_state=Haringey 
item_name1=Half Fees 
receiver_email=triponsergiu-facilitator@hotmail.co.uk 
payment_fee= 
quantity1=1 
receiver_id=CXLWWC2ZKSE64 
txn_type=cart 
mc_gross_1=4500.00 
mc_currency=GBP 
residence_country=GB 
test_ipn=1 
transaction_subject= 
payment_gross= 
ipn_track_id=eaffd43776f7e 
IPN Response from Paypal Server:
HTTP/1.1 200 OK
Date: Mon, 29 Dec 2014 16:47:40 GMT
Server: Apache
X-Frame-Options: SAMEORIGIN
Set-Cookie: c9MWDuvPtT9GIMyPc3jwol1VSlO=d5cj3EfqIEIeXna4nouoMfFd6VlVjHeYFqV70fCSMVrCgcxA8Lz__gOGEGnWbovDC083Z337dfX2UcCzDfINfkIlA4kR81nwPdD2EsHH9h8iAwg-3O1C4p7yMVSru80LxErhm2P3KQVaFgqiqk7pARWLZ4hlgbeDDDLH6f0qGT-MgokAVedc-OAtuxWPfJLNm6yeCh6AUPQ05Ku4GBcP2z1_ZBvnw3Cb1LXv4Zy9vpVD0EW6reWPY-b8kqiADakKociZKxsPPJiEF_Wn6vZ6tZMDK3iwZ-kZ_e6AyRa5s-ZH0nzYbNSQH0MgK4cy-xJX-R7mCLSbT8PQw19USQD5WZd4y0ycPMTvAITW61FA6Ap1UNTo8cMAJGY1HLbfTt_sSGIsdFSIxbmztYOL7SOrCDDIpKMgvdk4ypBmZwrfy3QnIChfZufIb64ffMC; domain=.paypal.com; path=/; Secure; HttpOnly
Set-Cookie: cookie_check=yes; expires=Thu, 26-Dec-2024 16:47:40 GMT; domain=.paypal.com; path=/; Secure; HttpOnly
Set-Cookie: navcmd=_notify-validate; domain=.paypal.com; path=/; Secure; HttpOnly
Set-Cookie: navlns=0.0; expires=Wed, 28-Dec-2016 16:47:40 GMT; domain=.paypal.com; path=/; Secure; HttpOnly
Set-Cookie: Apache=10.72.108.11.1419871660681777; path=/; expires=Wed, 21-Dec-44 16:47:40 GMT
Vary: Accept-Encoding,User-Agent
Connection: close
Set-Cookie: X-PP-SILOVER=name%3DSANDBOX3.WEB.1%26silo_version%3D880%26app%3Dslingshot%26TIME%3D2894438740; domain=.paypal.com; path=/; Secure; HttpOnly
Set-Cookie: X-PP-SILOVER=; Expires=Thu, 01 Jan 1970 00:00:01 GMT
Set-Cookie: Apache=10.72.128.11.1419871660666578; path=/; expires=Wed, 21-Dec-44 16:47:40 GMT
Strict-Transport-Security: max-age=14400
Transfer-Encoding: chunked
Content-Type: text/html; charset=UTF-8

8
VERIFIED
0



[12/29/2014 4:49 PM] - SUCCESS:IPN VERIFIED!
[From:ipn.sandbox.paypal.com|173.0.82.126]IPN POST Vars Received By Paypal_IPN Response API:
mc_gross=4500.00 
invoice=1648306992 
protection_eligibility=Eligible 
address_status=confirmed 
item_number1=1 
payer_id=B2FFGA52RFURU 
tax=0.00 
address_street=Flat 2, 38 Clarence Road 
payment_date=08:49:50 Dec 29, 2014 PST 
payment_status=Completed 
charset=windows-1252 
address_zip=N22 8PL 
mc_shipping=0.00 
mc_handling=0.00 
first_name=Test 
mc_fee=153.20 
address_country_code=GB 
address_name=Sergiu Tripon 
notify_version=3.8 
custom= 
payer_status=verified 
business=triponsergiu-facilitator@hotmail.co.uk 
address_country=United Kingdom 
num_cart_items=1 
mc_handling1=0.00 
address_city=London 
verify_sign=AmONOUDh0axUXIZQNt9kikLBl3TPAVQY5qBn3HOZOY5D.u3xs9REPRfl 
payer_email=triponsergiu-buyer@hotmail.co.uk 
mc_shipping1=0.00 
tax1=0.00 
txn_id=9L425136YP6876604 
payment_type=instant 
last_name=Buyer 
address_state=Haringey 
item_name1=Half Fees 
receiver_email=triponsergiu-facilitator@hotmail.co.uk 
payment_fee= 
quantity1=1 
receiver_id=CXLWWC2ZKSE64 
txn_type=cart 
mc_gross_1=4500.00 
mc_currency=GBP 
residence_country=GB 
test_ipn=1 
transaction_subject= 
payment_gross= 
ipn_track_id=537acf3795773 
IPN Response from Paypal Server:
HTTP/1.1 200 OK
Date: Mon, 29 Dec 2014 16:49:56 GMT
Server: Apache
X-Frame-Options: SAMEORIGIN
Set-Cookie: c9MWDuvPtT9GIMyPc3jwol1VSlO=f749XCAVNiXKJqjfVQBAJdsNk9b8MCCzjEtEn3wrHFA_jairFZyFWnsLKAhnqrIEh34jUi_RMhmEmW_HHsNR6K4j4W61k5kp6vLu34jofP9oSy2AEcQL192LXpkIwFIYyRH7EOmbxXBaoC2Y3ql7dezYd1407flqgQ2Hck8zP2v-d0s2g_GdCZlq7XVIcgB4BHGIF3KiBVclhpW0tyzI3Sla82mDpA6EIkHEEYOhv__9jq-OSI2Amp1iQxsgKOD_G7ciLPlmtCNwR7YgH3EFWTOXMGQHVYe1m78wOBjt-fiqBW5SyeiaivNQikDDfbvKm2P_ctNBAVF5aG2zkp8pneD4s5M3cATHVrdHGh8keeqDYlouRwMY9sadMWgj-gzYH09fuZN-sZK0tXEQd4BdHrw_vw7DqsJz_jO4Ok5f4L-4AfRH_UlFYEdtvU0; domain=.paypal.com; path=/; Secure; HttpOnly
Set-Cookie: cookie_check=yes; expires=Thu, 26-Dec-2024 16:49:56 GMT; domain=.paypal.com; path=/; Secure; HttpOnly
Set-Cookie: navcmd=_notify-validate; domain=.paypal.com; path=/; Secure; HttpOnly
Set-Cookie: navlns=0.0; expires=Wed, 28-Dec-2016 16:49:56 GMT; domain=.paypal.com; path=/; Secure; HttpOnly
Set-Cookie: Apache=10.72.108.11.1419871796494461; path=/; expires=Wed, 21-Dec-44 16:49:56 GMT
Vary: Accept-Encoding,User-Agent
Connection: close
Set-Cookie: X-PP-SILOVER=name%3DSANDBOX3.WEB.1%26silo_version%3D880%26app%3Dslingshot%26TIME%3D881238356; domain=.paypal.com; path=/; Secure; HttpOnly
Set-Cookie: X-PP-SILOVER=; Expires=Thu, 01 Jan 1970 00:00:01 GMT
Set-Cookie: Apache=10.72.128.11.1419871796483427; path=/; expires=Wed, 21-Dec-44 16:49:56 GMT
Strict-Transport-Security: max-age=14400
Transfer-Encoding: chunked
Content-Type: text/html; charset=UTF-8

8
VERIFIED
0



[12/29/2014 4:54 PM] - SUCCESS:IPN VERIFIED!
[From:ipn.sandbox.paypal.com|173.0.82.126]IPN POST Vars Received By Paypal_IPN Response API:
mc_gross=4500.00 
invoice=1653392585 
protection_eligibility=Eligible 
address_status=confirmed 
item_number1=1 
payer_id=B2FFGA52RFURU 
tax=0.00 
address_street=Flat 2, 38 Clarence Road 
payment_date=08:54:53 Dec 29, 2014 PST 
payment_status=Completed 
charset=windows-1252 
address_zip=N22 8PL 
mc_shipping=0.00 
mc_handling=0.00 
first_name=Test 
mc_fee=153.20 
address_country_code=GB 
address_name=Sergiu Tripon 
notify_version=3.8 
custom= 
payer_status=verified 
business=triponsergiu-facilitator@hotmail.co.uk 
address_country=United Kingdom 
num_cart_items=1 
mc_handling1=0.00 
address_city=London 
verify_sign=AnZRnQARxx-EcjfC4fAOPJWVQZ-wA2TLzSgtODp8ydx3lG14lMICN-e- 
payer_email=triponsergiu-buyer@hotmail.co.uk 
mc_shipping1=0.00 
tax1=0.00 
txn_id=3WE07693HH2988808 
payment_type=instant 
last_name=Buyer 
address_state=Haringey 
item_name1=Half Fees 
receiver_email=triponsergiu-facilitator@hotmail.co.uk 
payment_fee= 
quantity1=1 
receiver_id=CXLWWC2ZKSE64 
txn_type=cart 
mc_gross_1=4500.00 
mc_currency=GBP 
residence_country=GB 
test_ipn=1 
transaction_subject= 
payment_gross= 
ipn_track_id=1eeefad3d349e 
IPN Response from Paypal Server:
HTTP/1.1 200 OK
Date: Mon, 29 Dec 2014 16:54:58 GMT
Server: Apache
X-Frame-Options: SAMEORIGIN
Set-Cookie: c9MWDuvPtT9GIMyPc3jwol1VSlO=WXj4opAtxFJkgRgpyL4_UuAFL6p15aEk1wzsPFzMTkoR3qxgLQ-p0ChO4GpqnQ9gJQsqVRZ-SElUAPsYNhq4MAdTGVk0bZHwxUbpqog2qo-8cC4bbxGwwj0Qi4AEbkberH6Re1ZaYt38VquZ-KYaBl7NF7Ea4848LqrYTGnthTpk6f0NuJpTb5TmhOLiB1FnhcuYBUv1OhwcRFl8FL3gtQRDVQaHyh1VyedSPzeb_9Kmy1xCg0k1Erftn0Fk0gyoi3uuuK_Ur9letOMWq7xJVuS2ppLvfIdpli_7cCtQJondBWFkG6Beui9PN6slQ8rGPgOcLrkey7xNsCpYI-FQ-vPrWZhvsSlViMEi2k0pVKCSbt7Int1p-egLAzpjRURHkr7XoR_gauk-QH0_oJsiLTkeiYO78w8nuJPDScwsSO5sPOkA0jNGFQQWvje; domain=.paypal.com; path=/; Secure; HttpOnly
Set-Cookie: cookie_check=yes; expires=Thu, 26-Dec-2024 16:54:58 GMT; domain=.paypal.com; path=/; Secure; HttpOnly
Set-Cookie: navcmd=_notify-validate; domain=.paypal.com; path=/; Secure; HttpOnly
Set-Cookie: navlns=0.0; expires=Wed, 28-Dec-2016 16:54:58 GMT; domain=.paypal.com; path=/; Secure; HttpOnly
Set-Cookie: Apache=10.72.108.11.1419872098594200; path=/; expires=Wed, 21-Dec-44 16:54:58 GMT
Vary: Accept-Encoding,User-Agent
Connection: close
Set-Cookie: X-PP-SILOVER=name%3DSANDBOX3.WEB.1%26silo_version%3D880%26app%3Dslingshot%26TIME%3D1653055828; domain=.paypal.com; path=/; Secure; HttpOnly
Set-Cookie: X-PP-SILOVER=; Expires=Thu, 01 Jan 1970 00:00:01 GMT
Set-Cookie: Apache=10.72.128.11.1419872098580080; path=/; expires=Wed, 21-Dec-44 16:54:58 GMT
Strict-Transport-Security: max-age=14400
Transfer-Encoding: chunked
Content-Type: text/html; charset=UTF-8

8
VERIFIED
0



[12/29/2014 5:00 PM] - SUCCESS:IPN VERIFIED!
[From:ipn.sandbox.paypal.com|173.0.82.126]IPN POST Vars Received By Paypal_IPN Response API:
mc_gross=4500.00 
invoice=1659325686 
protection_eligibility=Eligible 
address_status=confirmed 
item_number1=1 
payer_id=B2FFGA52RFURU 
tax=0.00 
address_street=Flat 2, 38 Clarence Road 
payment_date=09:00:50 Dec 29, 2014 PST 
payment_status=Completed 
charset=windows-1252 
address_zip=N22 8PL 
mc_shipping=0.00 
mc_handling=0.00 
first_name=Test 
mc_fee=153.20 
address_country_code=GB 
address_name=Sergiu Tripon 
notify_version=3.8 
custom= 
payer_status=verified 
business=triponsergiu-facilitator@hotmail.co.uk 
address_country=United Kingdom 
num_cart_items=1 
mc_handling1=0.00 
address_city=London 
verify_sign=ACG-17lDLyRJmfHnqEisXTxHB5O4An7nW3harRfgCAHaF24Dy9QDeYIV 
payer_email=triponsergiu-buyer@hotmail.co.uk 
mc_shipping1=0.00 
tax1=0.00 
txn_id=1TG02343N71875637 
payment_type=instant 
last_name=Buyer 
address_state=Haringey 
item_name1=Half Fees 
receiver_email=triponsergiu-facilitator@hotmail.co.uk 
payment_fee= 
quantity1=1 
receiver_id=CXLWWC2ZKSE64 
txn_type=cart 
mc_gross_1=4500.00 
mc_currency=GBP 
residence_country=GB 
test_ipn=1 
transaction_subject= 
payment_gross= 
ipn_track_id=95fcbaa9571c1 
IPN Response from Paypal Server:
HTTP/1.1 200 OK
Date: Mon, 29 Dec 2014 17:00:54 GMT
Server: Apache
X-Frame-Options: SAMEORIGIN
Set-Cookie: c9MWDuvPtT9GIMyPc3jwol1VSlO=FaZb1mUHEA86usNNHEQZBVsmTW_0TNQsX3JStBzQDTLz0x4GDk_7lsfpj0G1xhZ-sMjiBufcBR1hGtGTAHTZnBVSoDJMjr-IGbbWFZAfmAxB9bNvGxOjrou_8LSDMalRD3pROdSaEnuvj3bexhA-dq18h7MM4_7Rs3ABsBweYmHyaqBIJ3WmIWoyn7kTScj1RjE469eaKnLfQIyTvZ3dBpjUJRmFG3xcfR24wDGQf50wgbEmcIKQPDaEQAtUM4qR3BA3i8QZqn5zfJYy38XpqvFJbPDTuXHIA4NcgVC5nnYK1iYOwVs5MJ_Bsxg5yTKRHULvwEsT0oyErSZLKoLJ4nQxYhVd12FXs2nw3KD87Pw2kaEBadSHDeL3t4s-lPFtpSp8UUX2U761p8oqVC2c7t-BJEW-XHo-TCMNNh4bBxDOcklZg54Rg7Sd-Mm; domain=.paypal.com; path=/; Secure; HttpOnly
Set-Cookie: cookie_check=yes; expires=Thu, 26-Dec-2024 17:00:55 GMT; domain=.paypal.com; path=/; Secure; HttpOnly
Set-Cookie: navcmd=_notify-validate; domain=.paypal.com; path=/; Secure; HttpOnly
Set-Cookie: navlns=0.0; expires=Wed, 28-Dec-2016 17:00:55 GMT; domain=.paypal.com; path=/; Secure; HttpOnly
Set-Cookie: Apache=10.72.108.11.1419872455097828; path=/; expires=Wed, 21-Dec-44 17:00:55 GMT
Vary: Accept-Encoding,User-Agent
Connection: close
Set-Cookie: X-PP-SILOVER=name%3DSANDBOX3.WEB.1%26silo_version%3D880%26app%3Dslingshot%26TIME%3D3347620180; domain=.paypal.com; path=/; Secure; HttpOnly
Set-Cookie: X-PP-SILOVER=; Expires=Thu, 01 Jan 1970 00:00:01 GMT
Set-Cookie: Apache=10.72.128.11.1419872455083060; path=/; expires=Wed, 21-Dec-44 17:00:54 GMT
Strict-Transport-Security: max-age=14400
Transfer-Encoding: chunked
Content-Type: text/html; charset=UTF-8

8
VERIFIED
0



[12/29/2014 5:06 PM] - SUCCESS:IPN VERIFIED!
[From:ipn.sandbox.paypal.com|173.0.82.126]IPN POST Vars Received By Paypal_IPN Response API:
mc_gross=4500.00 
invoice=1703026249 
protection_eligibility=Eligible 
address_status=confirmed 
item_number1=1 
payer_id=B2FFGA52RFURU 
tax=0.00 
address_street=Flat 2, 38 Clarence Road 
payment_date=09:06:51 Dec 29, 2014 PST 
payment_status=Completed 
charset=windows-1252 
address_zip=N22 8PL 
mc_shipping=0.00 
mc_handling=0.00 
first_name=Test 
mc_fee=153.20 
address_country_code=GB 
address_name=Sergiu Tripon 
notify_version=3.8 
custom= 
payer_status=verified 
business=triponsergiu-facilitator@hotmail.co.uk 
address_country=United Kingdom 
num_cart_items=1 
mc_handling1=0.00 
address_city=London 
verify_sign=ANrLVoCyCVkHGYtS0UPoj.Ts2f-MA4UCSxPnB.Y4T-r5BGa1nTRUQDzx 
payer_email=triponsergiu-buyer@hotmail.co.uk 
mc_shipping1=0.00 
tax1=0.00 
txn_id=4F93576005195632K 
payment_type=instant 
last_name=Buyer 
address_state=Haringey 
item_name1=Half Fees 
receiver_email=triponsergiu-facilitator@hotmail.co.uk 
payment_fee= 
quantity1=1 
receiver_id=CXLWWC2ZKSE64 
txn_type=cart 
mc_gross_1=4500.00 
mc_currency=GBP 
residence_country=GB 
test_ipn=1 
transaction_subject= 
payment_gross= 
ipn_track_id=a1ab3c1bc97a5 
IPN Response from Paypal Server:
HTTP/1.1 200 OK
Date: Mon, 29 Dec 2014 17:06:57 GMT
Server: Apache
X-Frame-Options: SAMEORIGIN
Set-Cookie: c9MWDuvPtT9GIMyPc3jwol1VSlO=4M9_UPJmW4DbINr9ftWG0oibzugxJV0dI34Psh2oNBQ42QNPZd5YJTSKm06Cj1eS8zGOGF_CNz5AxlS35qdflV0O-VQeDWUxUafM6R-VmEjwJeFVD1bXEadWJoVKyGCGbY1QSICjymiDvj0iMlWLe3AW6e2DgaYQPmpMnMqyMDIfMfmTOa_6vO0oZByvG9I5_5eBmU0dko06SoNu-RRC-jLubTJoaKqTr_7gxwVq_EJIK7EhBTjdQg50PQx7NDBhAha4J9wZWpRknIzoK8IfbpD7JYBUC58VdZKqYc5wnHxFsMwSkFs8oHDCCIvYGGGLIyCsXA4LLzAzFVGNw-I0wEGMPaw67LLriwF--Fc4C6Al5j3K2ivsV52lYL9MVINYAj202wK-cjMvPMOr4AWS7Umr6OzJuuQjElb89tf5QsSKMm2Kz5YncxkzltO; domain=.paypal.com; path=/; Secure; HttpOnly
Set-Cookie: cookie_check=yes; expires=Thu, 26-Dec-2024 17:06:58 GMT; domain=.paypal.com; path=/; Secure; HttpOnly
Set-Cookie: navcmd=_notify-validate; domain=.paypal.com; path=/; Secure; HttpOnly
Set-Cookie: navlns=0.0; expires=Wed, 28-Dec-2016 17:06:58 GMT; domain=.paypal.com; path=/; Secure; HttpOnly
Set-Cookie: Apache=10.72.108.11.1419872817793572; path=/; expires=Wed, 21-Dec-44 17:06:57 GMT
Vary: Accept-Encoding,User-Agent
Connection: close
Set-Cookie: X-PP-SILOVER=name%3DSANDBOX3.WEB.1%26silo_version%3D880%26app%3Dslingshot%26TIME%3D831168852; domain=.paypal.com; path=/; Secure; HttpOnly
Set-Cookie: X-PP-SILOVER=; Expires=Thu, 01 Jan 1970 00:00:01 GMT
Set-Cookie: Apache=10.72.128.11.1419872817780595; path=/; expires=Wed, 21-Dec-44 17:06:57 GMT
Strict-Transport-Security: max-age=14400
Transfer-Encoding: chunked
Content-Type: text/html; charset=UTF-8

8
VERIFIED
0



